<?xml version="1.0" encoding="UTF-8"?>
<testsuite name="SumadorTest" tests="1" skipped="0" failures="1" errors="0" timestamp="2017-02-07T16:35:59" hostname="GGIECSOFWRK143" time="0.386">
  <properties/>
  <testcase name="test" classname="SumadorTest" time="0.386">
    <failure message="java.lang.StackOverflowError" type="java.lang.StackOverflowError">java.lang.StackOverflowError
	at java.lang.ClassLoader.defineClass1(Native Method)
	at java.lang.ClassLoader.defineClass(ClassLoader.java:760)
	at java.security.SecureClassLoader.defineClass(SecureClassLoader.java:142)
	at java.net.URLClassLoader.defineClass(URLClassLoader.java:467)
	at java.net.URLClassLoader.access$100(URLClassLoader.java:73)
	at java.net.URLClassLoader$1.run(URLClassLoader.java:368)
	at java.net.URLClassLoader$1.run(URLClassLoader.java:362)
	at java.security.AccessController.doPrivileged(Native Method)
	at java.net.URLClassLoader.findClass(URLClassLoader.java:361)
	at java.lang.ClassLoader.loadClass(ClassLoader.java:424)
	at sun.misc.Launcher$AppClassLoader.loadClass(Launcher.java:331)
	at java.lang.ClassLoader.loadClass(ClassLoader.java:357)
	at Sumador.convertidor(Sumador.java:12)
	at Sumador.convertidor(Sumador.java:12)
	at Sumador.convertidor(Sumador.java:12)
	at Sumador.convertidor(Sumador.java:12)
	at Sumador.convertidor(Sumador.java:12)
	at Sumador.convertidor(Sumador.java:12)
	at Sumador.convertidor(Sumador.java:12)
	at Sumador.convertidor(Sumador.java:12)
	at Sumador.convertidor(Sumador.java:12)
	at Sumador.convertidor(Sumador.java:12)
	at Sumador.convertidor(Sumador.java:12)
	at Sumador.convertidor(Sumador.java:12)
	at Sumador.convertidor(Sumador.java:12)
	at Sumador.convertidor(Sumador.java:12)
	at Sumador.convertidor(Sumador.java:12)
	at Sumador.convertidor(Sumador.java:12)
	at Sumador.convertidor(Sumador.java:12)
	at Sumador.convertidor(Sumador.java:12)
	at Sumador.convertidor(Sumador.java:12)
	at Sumador.convertidor(Sumador.java:12)
	at Sumador.convertidor(Sumador.java:12)
	at Sumador.convertidor(Sumador.java:12)
	at Sumador.convertidor(Sumador.java:12)
	at Sumador.convertidor(Sumador.java:12)
	at Sumador.convertidor(Sumador.java:12)
	at Sumador.convertidor(Sumador.java:12)
	at Sumador.convertidor(Sumador.java:12)
	at Sumador.convertidor(Sumador.java:12)
	at Sumador.convertidor(Sumador.java:12)
	at Sumador.convertidor(Sumador.java:12)
	at Sumador.convertidor(Sumador.java:12)
	at Sumador.convertidor(Sumador.java:12)
	at Sumador.convertidor(Sumador.java:12)
	at Sumador.convertidor(Sumador.java:12)
	at Sumador.convertidor(Sumador.java:12)
	at Sumador.convertidor(Sumador.java:12)
	at Sumador.convertidor(Sumador.java:12)
	at Sumador.convertidor(Sumador.java:12)
	at Sumador.convertidor(Sumador.java:12)
	at Sumador.convertidor(Sumador.java:12)
	at Sumador.convertidor(Sumador.java:12)
	at Sumador.convertidor(Sumador.java:12)
	at Sumador.convertidor(Sumador.java:12)
	at Sumador.convertidor(Sumador.java:12)
	at Sumador.convertidor(Sumador.java:12)
	at Sumador.convertidor(Sumador.java:12)
	at Sumador.convertidor(Sumador.java:12)
	at Sumador.convertidor(Sumador.java:12)
	at Sumador.convertidor(Sumador.java:12)
	at Sumador.convertidor(Sumador.java:12)
	at Sumador.convertidor(Sumador.java:12)
	at Sumador.convertidor(Sumador.java:12)
	at Sumador.convertidor(Sumador.java:12)
	at Sumador.convertidor(Sumador.java:12)
	at Sumador.convertidor(Sumador.java:12)
	at Sumador.convertidor(Sumador.java:12)
	at Sumador.convertidor(Sumador.java:12)
	at Sumador.convertidor(Sumador.java:12)
	at Sumador.convertidor(Sumador.java:12)
	at Sumador.convertidor(Sumador.java:12)
	at Sumador.convertidor(Sumador.java:12)
	at Sumador.convertidor(Sumador.java:12)
	at Sumador.convertidor(Sumador.java:12)
	at Sumador.convertidor(Sumador.java:12)
	at Sumador.convertidor(Sumador.java:12)
	at Sumador.convertidor(Sumador.java:12)
	at Sumador.convertidor(Sumador.java:12)
	at Sumador.convertidor(Sumador.java:12)
	at Sumador.convertidor(Sumador.java:12)
	at Sumador.convertidor(Sumador.java:12)
	at Sumador.convertidor(Sumador.java:12)
	at Sumador.convertidor(Sumador.java:12)
</failure>
  </testcase>
  <system-out><![CDATA[
]]></system-out>
  <system-err><![CDATA[]]></system-err>
</testsuite>
