<?xml version="1.0" encoding="UTF-8"?>
<testsuite name="SumadorTest" tests="3" skipped="0" failures="0" errors="0" timestamp="2017-02-07T18:05:27" hostname="GGIECSOFWRK143" time="0.325">
  <properties/>
  <testcase name="whenTwoNumbersAreUsedThenReturnValueIsTheirSum" classname="SumadorTest" time="0.324"/>
  <testcase name="whenOneNumberIsUsedThenReturnValueIsThatSameNumber" classname="SumadorTest" time="0.001"/>
  <testcase name="test" classname="SumadorTest" time="0.0"/>
  <system-out><![CDATA[]]></system-out>
  <system-err><![CDATA[]]></system-err>
</testsuite>
