<?xml version="1.0" encoding="UTF-8"?>
<testsuite name="SumadorTest2" tests="1" skipped="0" failures="0" errors="0" timestamp="2017-02-07T16:35:59" hostname="GGIECSOFWRK143" time="0.0">
  <properties/>
  <testcase name="test" classname="SumadorTest2" time="0.0"/>
  <system-out><![CDATA[]]></system-out>
  <system-err><![CDATA[]]></system-err>
</testsuite>
